{"level":"info","message":"servering is runnig on this 4000","service":"identity-service","timestamp":"2025-04-21T07:41:46.472Z"}
{"level":"info","message":"MongoDB connected successfully","service":"identity-service","timestamp":"2025-04-21T07:41:46.508Z"}
{"level":"info","message":"servering is runnig on this 4000","service":"identity-service","timestamp":"2025-04-21T07:54:36.595Z"}
{"level":"info","message":"MongoDB connected successfully","service":"identity-service","timestamp":"2025-04-21T07:54:36.625Z"}
{"level":"info","message":"servering is runnig on this 4000","service":"identity-service","timestamp":"2025-04-21T07:54:42.029Z"}
{"level":"info","message":"MongoDB connected successfully","service":"identity-service","timestamp":"2025-04-21T07:54:42.058Z"}
{"level":"info","message":"servering is runnig on this 4000","service":"identity-service","timestamp":"2025-04-21T08:07:45.472Z"}
{"level":"info","message":"MongoDB connected successfully","service":"identity-service","timestamp":"2025-04-21T08:07:45.499Z"}
{"level":"info","message":"servering is runnig on this 4000","service":"identity-service","timestamp":"2025-04-21T08:09:12.652Z"}
{"level":"info","message":"MongoDB connected successfully","service":"identity-service","timestamp":"2025-04-21T08:09:12.685Z"}
{"level":"info","message":"servering is runnig on this 4000","service":"identity-service","timestamp":"2025-04-21T08:10:12.876Z"}
{"level":"info","message":"MongoDB connected successfully","service":"identity-service","timestamp":"2025-04-21T08:10:12.906Z"}
{"level":"info","message":"servering is runnig on this 4000","service":"identity-service","timestamp":"2025-04-21T08:11:29.977Z"}
{"level":"info","message":"MongoDB connected successfully","service":"identity-service","timestamp":"2025-04-21T08:11:30.005Z"}
{"level":"info","message":"servering is runnig on this 4000","service":"identity-service","timestamp":"2025-04-21T08:13:56.356Z"}
{"level":"info","message":"MongoDB connected successfully","service":"identity-service","timestamp":"2025-04-21T08:13:56.383Z"}
{"level":"info","message":"servering is runnig on this 4000","service":"identity-service","timestamp":"2025-04-21T08:15:30.655Z"}
{"level":"info","message":"MongoDB connected successfully","service":"identity-service","timestamp":"2025-04-21T08:15:30.683Z"}
{"level":"info","message":"servering is runnig on this 4000","service":"identity-service","timestamp":"2025-04-21T08:18:13.569Z"}
{"level":"info","message":"MongoDB connected successfully","service":"identity-service","timestamp":"2025-04-21T08:18:13.596Z"}
{"level":"info","message":"servering is runnig on this 4000","service":"identity-service","timestamp":"2025-04-21T08:19:34.636Z"}
{"level":"info","message":"MongoDB connected successfully","service":"identity-service","timestamp":"2025-04-21T08:19:34.666Z"}
{"level":"info","message":"servering is runnig on this 4000","service":"identity-service","timestamp":"2025-04-21T08:20:22.697Z"}
{"level":"info","message":"MongoDB connected successfully","service":"identity-service","timestamp":"2025-04-21T08:20:22.726Z"}
{"level":"info","message":"servering is runnig on this 4000","service":"identity-service","timestamp":"2025-04-21T08:23:28.714Z"}
{"level":"info","message":"MongoDB connected successfully","service":"identity-service","timestamp":"2025-04-21T08:23:28.743Z"}
{"level":"info","message":"servering is runnig on this 4000","service":"identity-service","timestamp":"2025-04-21T08:24:58.016Z"}
{"level":"info","message":"MongoDB connected successfully","service":"identity-service","timestamp":"2025-04-21T08:24:58.042Z"}
{"level":"info","message":"Server is running on port 4000","service":"identity-service","timestamp":"2025-04-21T08:25:01.261Z"}
{"level":"info","message":"servering is runnig on this 4000","service":"identity-service","timestamp":"2025-04-21T08:27:42.799Z"}
{"level":"info","message":"MongoDB connected successfully","service":"identity-service","timestamp":"2025-04-21T08:27:42.825Z"}
{"level":"info","message":"servering is runnig on this 4000","service":"identity-service","timestamp":"2025-04-21T08:27:53.754Z"}
{"level":"info","message":"MongoDB connected successfully","service":"identity-service","timestamp":"2025-04-21T08:27:53.779Z"}
{"level":"info","message":"servering is runnig on this 4000","service":"identity-service","timestamp":"2025-04-21T08:28:13.865Z"}
{"level":"info","message":"MongoDB connected successfully","service":"identity-service","timestamp":"2025-04-21T08:28:13.891Z"}
{"level":"info","message":"servering is runnig on this 4000","service":"identity-service","timestamp":"2025-04-21T08:28:31.787Z"}
{"level":"info","message":"MongoDB connected successfully","service":"identity-service","timestamp":"2025-04-21T08:28:31.824Z"}
{"level":"info","message":"servering is runnig on this 4000","service":"identity-service","timestamp":"2025-04-21T08:30:26.617Z"}
{"level":"info","message":"MongoDB connected successfully","service":"identity-service","timestamp":"2025-04-21T08:30:26.640Z"}
{"level":"info","message":"servering is runnig on this 4000","service":"identity-service","timestamp":"2025-04-21T08:30:59.160Z"}
{"level":"info","message":"MongoDB connected successfully","service":"identity-service","timestamp":"2025-04-21T08:30:59.186Z"}
{"level":"info","message":"User kathirvel somu registered successfully","service":"identity-service","timestamp":"2025-04-21T08:31:31.718Z"}
{"level":"info","message":"User kathirvel somu registered successfully","service":"identity-service","timestamp":"2025-04-21T08:31:57.159Z"}
{"level":"info","message":"servering is runnig on this 4000","service":"identity-service","timestamp":"2025-04-21T08:32:41.555Z"}
{"level":"info","message":"MongoDB connected successfully","service":"identity-service","timestamp":"2025-04-21T08:32:41.584Z"}
{"level":"info","message":"servering is runnig on this 4000","service":"identity-service","timestamp":"2025-04-21T08:32:47.175Z"}
{"level":"info","message":"MongoDB connected successfully","service":"identity-service","timestamp":"2025-04-21T08:32:47.210Z"}
{"level":"info","message":"User kathirvel somu registered successfully","service":"identity-service","timestamp":"2025-04-21T08:37:21.255Z"}
{"level":"error","message":"User already exists","service":"identity-service","timestamp":"2025-04-21T08:38:26.141Z"}
{"level":"warn","message":"User not found","service":"identity-service","timestamp":"2025-04-21T08:39:20.489Z"}
{"level":"warn","message":"User not found","service":"identity-service","timestamp":"2025-04-21T08:39:30.837Z"}
{"level":"warn","message":"Invalid role","service":"identity-service","timestamp":"2025-04-21T08:39:39.876Z"}
{"level":"warn","message":"Password matched","service":"identity-service","timestamp":"2025-04-21T08:39:50.056Z"}
{"level":"error","message":"Error in login res.satus is not a function","service":"identity-service","stack":"TypeError: res.satus is not a function\n    at login (file:///C:/Bharath.k/expense-tracking/Backend/src/Controller/userController.js:79:28)","timestamp":"2025-04-21T08:39:50.057Z"}
{"level":"info","message":"servering is runnig on this 4000","service":"identity-service","timestamp":"2025-04-21T08:40:09.680Z"}
{"level":"info","message":"MongoDB connected successfully","service":"identity-service","timestamp":"2025-04-21T08:40:09.706Z"}
{"level":"warn","message":"Password matched","service":"identity-service","timestamp":"2025-04-21T08:40:11.105Z"}
{"level":"error","message":"Error generating access token user is not defined","service":"identity-service","stack":"ReferenceError: user is not defined\n    at RefreshToken (file:///C:/Bharath.k/expense-tracking/Backend/src/Middleware/generateToken.js:28:56)\n    at login (file:///C:/Bharath.k/expense-tracking/Backend/src/Controller/userController.js:86:40)","timestamp":"2025-04-21T08:40:19.100Z"}
{"level":"error","message":"Error in login Error generating access token","service":"identity-service","stack":"Error: Error generating access token\n    at RefreshToken (file:///C:/Bharath.k/expense-tracking/Backend/src/Middleware/generateToken.js:34:15)\n    at login (file:///C:/Bharath.k/expense-tracking/Backend/src/Controller/userController.js:86:40)","timestamp":"2025-04-21T08:40:19.102Z"}
{"level":"info","message":"servering is runnig on this 4000","service":"identity-service","timestamp":"2025-04-21T08:40:33.280Z"}
{"level":"info","message":"MongoDB connected successfully","service":"identity-service","timestamp":"2025-04-21T08:40:33.305Z"}
{"level":"info","message":"User kathirvel somu logged in successfully","service":"identity-service","timestamp":"2025-04-21T08:40:38.203Z"}
{"level":"info","message":"User kathirvel somu logged in successfully","service":"identity-service","timestamp":"2025-04-21T08:40:48.965Z"}
{"level":"info","message":"servering is runnig on this 4000","service":"identity-service","timestamp":"2025-04-21T08:41:06.161Z"}
{"level":"info","message":"MongoDB connected successfully","service":"identity-service","timestamp":"2025-04-21T08:41:06.184Z"}
{"level":"error","message":"Error in authorization middleware Cannot read properties of undefined (reading 'access_token')","service":"identity-service","stack":"TypeError: Cannot read properties of undefined (reading 'access_token')\n    at Authorization (file:///C:/Bharath.k/expense-tracking/Backend/src/Middleware/generateToken.js:40:36)\n    at Layer.handleRequest (C:\\Bharath.k\\expense-tracking\\Backend\\node_modules\\router\\lib\\layer.js:152:17)\n    at next (C:\\Bharath.k\\expense-tracking\\Backend\\node_modules\\router\\lib\\route.js:157:13)\n    at Route.dispatch (C:\\Bharath.k\\expense-tracking\\Backend\\node_modules\\router\\lib\\route.js:117:3)\n    at handle (C:\\Bharath.k\\expense-tracking\\Backend\\node_modules\\router\\index.js:435:11)\n    at Layer.handleRequest (C:\\Bharath.k\\expense-tracking\\Backend\\node_modules\\router\\lib\\layer.js:152:17)\n    at C:\\Bharath.k\\expense-tracking\\Backend\\node_modules\\router\\index.js:295:15\n    at processParams (C:\\Bharath.k\\expense-tracking\\Backend\\node_modules\\router\\index.js:582:12)\n    at next (C:\\Bharath.k\\expense-tracking\\Backend\\node_modules\\router\\index.js:291:5)\n    at Function.handle (C:\\Bharath.k\\expense-tracking\\Backend\\node_modules\\router\\index.js:186:3)","timestamp":"2025-04-21T08:41:37.328Z"}
{"level":"info","message":"servering is runnig on this 4000","service":"identity-service","timestamp":"2025-04-21T08:41:59.438Z"}
{"level":"info","message":"MongoDB connected successfully","service":"identity-service","timestamp":"2025-04-21T08:41:59.495Z"}
{"level":"error","message":"Error in authorization middleware Cannot read properties of undefined (reading 'access_token')","service":"identity-service","stack":"TypeError: Cannot read properties of undefined (reading 'access_token')\n    at Authorization (file:///C:/Bharath.k/expense-tracking/Backend/src/Middleware/generateToken.js:40:36)\n    at Layer.handleRequest (C:\\Bharath.k\\expense-tracking\\Backend\\node_modules\\router\\lib\\layer.js:152:17)\n    at next (C:\\Bharath.k\\expense-tracking\\Backend\\node_modules\\router\\lib\\route.js:157:13)\n    at Route.dispatch (C:\\Bharath.k\\expense-tracking\\Backend\\node_modules\\router\\lib\\route.js:117:3)\n    at handle (C:\\Bharath.k\\expense-tracking\\Backend\\node_modules\\router\\index.js:435:11)\n    at Layer.handleRequest (C:\\Bharath.k\\expense-tracking\\Backend\\node_modules\\router\\lib\\layer.js:152:17)\n    at C:\\Bharath.k\\expense-tracking\\Backend\\node_modules\\router\\index.js:295:15\n    at processParams (C:\\Bharath.k\\expense-tracking\\Backend\\node_modules\\router\\index.js:582:12)\n    at next (C:\\Bharath.k\\expense-tracking\\Backend\\node_modules\\router\\index.js:291:5)\n    at Function.handle (C:\\Bharath.k\\expense-tracking\\Backend\\node_modules\\router\\index.js:186:3)","timestamp":"2025-04-21T08:42:01.804Z"}
{"level":"info","message":"servering is runnig on this 4000","service":"identity-service","timestamp":"2025-04-21T08:42:25.407Z"}
{"level":"info","message":"MongoDB connected successfully","service":"identity-service","timestamp":"2025-04-21T08:42:25.441Z"}
{"level":"error","message":"Error in authorization middleware Cannot read properties of undefined (reading 'access_token')","service":"identity-service","stack":"TypeError: Cannot read properties of undefined (reading 'access_token')\n    at Authorization (file:///C:/Bharath.k/expense-tracking/Backend/src/Middleware/generateToken.js:40:36)\n    at Layer.handleRequest (C:\\Bharath.k\\expense-tracking\\Backend\\node_modules\\router\\lib\\layer.js:152:17)\n    at next (C:\\Bharath.k\\expense-tracking\\Backend\\node_modules\\router\\lib\\route.js:157:13)\n    at Route.dispatch (C:\\Bharath.k\\expense-tracking\\Backend\\node_modules\\router\\lib\\route.js:117:3)\n    at handle (C:\\Bharath.k\\expense-tracking\\Backend\\node_modules\\router\\index.js:435:11)\n    at Layer.handleRequest (C:\\Bharath.k\\expense-tracking\\Backend\\node_modules\\router\\lib\\layer.js:152:17)\n    at C:\\Bharath.k\\expense-tracking\\Backend\\node_modules\\router\\index.js:295:15\n    at processParams (C:\\Bharath.k\\expense-tracking\\Backend\\node_modules\\router\\index.js:582:12)\n    at next (C:\\Bharath.k\\expense-tracking\\Backend\\node_modules\\router\\index.js:291:5)\n    at Function.handle (C:\\Bharath.k\\expense-tracking\\Backend\\node_modules\\router\\index.js:186:3)","timestamp":"2025-04-21T08:42:26.595Z"}
{"level":"info","message":"servering is runnig on this 4000","service":"identity-service","timestamp":"2025-04-21T08:43:18.409Z"}
{"level":"info","message":"MongoDB connected successfully","service":"identity-service","timestamp":"2025-04-21T08:43:18.433Z"}
{"level":"info","message":"servering is runnig on this 4000","service":"identity-service","timestamp":"2025-04-21T08:43:25.223Z"}
{"level":"info","message":"MongoDB connected successfully","service":"identity-service","timestamp":"2025-04-21T08:43:25.249Z"}
{"level":"error","message":"Error in authorization middleware Cannot read properties of undefined (reading 'access_token')","service":"identity-service","stack":"TypeError: Cannot read properties of undefined (reading 'access_token')\n    at Authorization (file:///C:/Bharath.k/expense-tracking/Backend/src/Middleware/generateToken.js:40:36)\n    at Layer.handleRequest (C:\\Bharath.k\\expense-tracking\\Backend\\node_modules\\router\\lib\\layer.js:152:17)\n    at next (C:\\Bharath.k\\expense-tracking\\Backend\\node_modules\\router\\lib\\route.js:157:13)\n    at Route.dispatch (C:\\Bharath.k\\expense-tracking\\Backend\\node_modules\\router\\lib\\route.js:117:3)\n    at handle (C:\\Bharath.k\\expense-tracking\\Backend\\node_modules\\router\\index.js:435:11)\n    at Layer.handleRequest (C:\\Bharath.k\\expense-tracking\\Backend\\node_modules\\router\\lib\\layer.js:152:17)\n    at C:\\Bharath.k\\expense-tracking\\Backend\\node_modules\\router\\index.js:295:15\n    at processParams (C:\\Bharath.k\\expense-tracking\\Backend\\node_modules\\router\\index.js:582:12)\n    at next (C:\\Bharath.k\\expense-tracking\\Backend\\node_modules\\router\\index.js:291:5)\n    at Function.handle (C:\\Bharath.k\\expense-tracking\\Backend\\node_modules\\router\\index.js:186:3)","timestamp":"2025-04-21T08:43:58.650Z"}
{"level":"error","message":"Error in authorization middleware Cannot read properties of undefined (reading 'access_token')","service":"identity-service","stack":"TypeError: Cannot read properties of undefined (reading 'access_token')\n    at Authorization (file:///C:/Bharath.k/expense-tracking/Backend/src/Middleware/generateToken.js:40:36)\n    at Layer.handleRequest (C:\\Bharath.k\\expense-tracking\\Backend\\node_modules\\router\\lib\\layer.js:152:17)\n    at next (C:\\Bharath.k\\expense-tracking\\Backend\\node_modules\\router\\lib\\route.js:157:13)\n    at Route.dispatch (C:\\Bharath.k\\expense-tracking\\Backend\\node_modules\\router\\lib\\route.js:117:3)\n    at handle (C:\\Bharath.k\\expense-tracking\\Backend\\node_modules\\router\\index.js:435:11)\n    at Layer.handleRequest (C:\\Bharath.k\\expense-tracking\\Backend\\node_modules\\router\\lib\\layer.js:152:17)\n    at C:\\Bharath.k\\expense-tracking\\Backend\\node_modules\\router\\index.js:295:15\n    at processParams (C:\\Bharath.k\\expense-tracking\\Backend\\node_modules\\router\\index.js:582:12)\n    at next (C:\\Bharath.k\\expense-tracking\\Backend\\node_modules\\router\\index.js:291:5)\n    at Function.handle (C:\\Bharath.k\\expense-tracking\\Backend\\node_modules\\router\\index.js:186:3)","timestamp":"2025-04-21T08:43:59.771Z"}
{"level":"info","message":"servering is runnig on this 4000","service":"identity-service","timestamp":"2025-04-21T08:44:10.480Z"}
{"level":"info","message":"MongoDB connected successfully","service":"identity-service","timestamp":"2025-04-21T08:44:10.506Z"}
{"level":"info","message":"servering is runnig on this 4000","service":"identity-service","timestamp":"2025-04-21T08:44:12.160Z"}
{"level":"info","message":"MongoDB connected successfully","service":"identity-service","timestamp":"2025-04-21T08:44:12.204Z"}
{"level":"error","message":"Error in authorization middleware Cannot read properties of undefined (reading 'access_token')","service":"identity-service","stack":"TypeError: Cannot read properties of undefined (reading 'access_token')\n    at Authorization (file:///C:/Bharath.k/expense-tracking/Backend/src/Middleware/generateToken.js:40:36)\n    at Layer.handleRequest (C:\\Bharath.k\\expense-tracking\\Backend\\node_modules\\router\\lib\\layer.js:152:17)\n    at next (C:\\Bharath.k\\expense-tracking\\Backend\\node_modules\\router\\lib\\route.js:157:13)\n    at Route.dispatch (C:\\Bharath.k\\expense-tracking\\Backend\\node_modules\\router\\lib\\route.js:117:3)\n    at handle (C:\\Bharath.k\\expense-tracking\\Backend\\node_modules\\router\\index.js:435:11)\n    at Layer.handleRequest (C:\\Bharath.k\\expense-tracking\\Backend\\node_modules\\router\\lib\\layer.js:152:17)\n    at C:\\Bharath.k\\expense-tracking\\Backend\\node_modules\\router\\index.js:295:15\n    at processParams (C:\\Bharath.k\\expense-tracking\\Backend\\node_modules\\router\\index.js:582:12)\n    at next (C:\\Bharath.k\\expense-tracking\\Backend\\node_modules\\router\\index.js:291:5)\n    at Function.handle (C:\\Bharath.k\\expense-tracking\\Backend\\node_modules\\router\\index.js:186:3)","timestamp":"2025-04-21T08:44:13.342Z"}
{"level":"error","message":"Error in authorization middleware Cannot read properties of undefined (reading 'access_token')","service":"identity-service","stack":"TypeError: Cannot read properties of undefined (reading 'access_token')\n    at Authorization (file:///C:/Bharath.k/expense-tracking/Backend/src/Middleware/generateToken.js:40:36)\n    at Layer.handleRequest (C:\\Bharath.k\\expense-tracking\\Backend\\node_modules\\router\\lib\\layer.js:152:17)\n    at next (C:\\Bharath.k\\expense-tracking\\Backend\\node_modules\\router\\lib\\route.js:157:13)\n    at Route.dispatch (C:\\Bharath.k\\expense-tracking\\Backend\\node_modules\\router\\lib\\route.js:117:3)\n    at handle (C:\\Bharath.k\\expense-tracking\\Backend\\node_modules\\router\\index.js:435:11)\n    at Layer.handleRequest (C:\\Bharath.k\\expense-tracking\\Backend\\node_modules\\router\\lib\\layer.js:152:17)\n    at C:\\Bharath.k\\expense-tracking\\Backend\\node_modules\\router\\index.js:295:15\n    at processParams (C:\\Bharath.k\\expense-tracking\\Backend\\node_modules\\router\\index.js:582:12)\n    at next (C:\\Bharath.k\\expense-tracking\\Backend\\node_modules\\router\\index.js:291:5)\n    at Function.handle (C:\\Bharath.k\\expense-tracking\\Backend\\node_modules\\router\\index.js:186:3)","timestamp":"2025-04-21T08:44:14.605Z"}
{"level":"info","message":"servering is runnig on this 4000","service":"identity-service","timestamp":"2025-04-21T08:44:22.339Z"}
{"level":"info","message":"MongoDB connected successfully","service":"identity-service","timestamp":"2025-04-21T08:44:22.366Z"}
{"level":"error","message":"Error in authorization middleware Cannot read properties of undefined (reading 'access_token')","service":"identity-service","stack":"TypeError: Cannot read properties of undefined (reading 'access_token')\n    at Authorization (file:///C:/Bharath.k/expense-tracking/Backend/src/Middleware/generateToken.js:40:36)\n    at Layer.handleRequest (C:\\Bharath.k\\expense-tracking\\Backend\\node_modules\\router\\lib\\layer.js:152:17)\n    at next (C:\\Bharath.k\\expense-tracking\\Backend\\node_modules\\router\\lib\\route.js:157:13)\n    at Route.dispatch (C:\\Bharath.k\\expense-tracking\\Backend\\node_modules\\router\\lib\\route.js:117:3)\n    at handle (C:\\Bharath.k\\expense-tracking\\Backend\\node_modules\\router\\index.js:435:11)\n    at Layer.handleRequest (C:\\Bharath.k\\expense-tracking\\Backend\\node_modules\\router\\lib\\layer.js:152:17)\n    at C:\\Bharath.k\\expense-tracking\\Backend\\node_modules\\router\\index.js:295:15\n    at processParams (C:\\Bharath.k\\expense-tracking\\Backend\\node_modules\\router\\index.js:582:12)\n    at next (C:\\Bharath.k\\expense-tracking\\Backend\\node_modules\\router\\index.js:291:5)\n    at Function.handle (C:\\Bharath.k\\expense-tracking\\Backend\\node_modules\\router\\index.js:186:3)","timestamp":"2025-04-21T08:44:23.403Z"}
{"level":"info","message":"servering is runnig on this 4000","service":"identity-service","timestamp":"2025-04-21T08:44:31.642Z"}
{"level":"info","message":"MongoDB connected successfully","service":"identity-service","timestamp":"2025-04-21T08:44:31.669Z"}
{"level":"error","message":"Error in authorization middleware Cannot read properties of undefined (reading 'access_token')","service":"identity-service","stack":"TypeError: Cannot read properties of undefined (reading 'access_token')\n    at Authorization (file:///C:/Bharath.k/expense-tracking/Backend/src/Middleware/generateToken.js:40:36)\n    at Layer.handleRequest (C:\\Bharath.k\\expense-tracking\\Backend\\node_modules\\router\\lib\\layer.js:152:17)\n    at next (C:\\Bharath.k\\expense-tracking\\Backend\\node_modules\\router\\lib\\route.js:157:13)\n    at Route.dispatch (C:\\Bharath.k\\expense-tracking\\Backend\\node_modules\\router\\lib\\route.js:117:3)\n    at handle (C:\\Bharath.k\\expense-tracking\\Backend\\node_modules\\router\\index.js:435:11)\n    at Layer.handleRequest (C:\\Bharath.k\\expense-tracking\\Backend\\node_modules\\router\\lib\\layer.js:152:17)\n    at C:\\Bharath.k\\expense-tracking\\Backend\\node_modules\\router\\index.js:295:15\n    at processParams (C:\\Bharath.k\\expense-tracking\\Backend\\node_modules\\router\\index.js:582:12)\n    at next (C:\\Bharath.k\\expense-tracking\\Backend\\node_modules\\router\\index.js:291:5)\n    at Function.handle (C:\\Bharath.k\\expense-tracking\\Backend\\node_modules\\router\\index.js:186:3)","timestamp":"2025-04-21T08:44:32.398Z"}
{"level":"info","message":"servering is runnig on this 4000","service":"identity-service","timestamp":"2025-04-21T08:44:43.312Z"}
{"level":"info","message":"MongoDB connected successfully","service":"identity-service","timestamp":"2025-04-21T08:44:43.357Z"}
{"level":"error","message":"Error in update profile Cannot destructure property 'fname' of 'req.body' as it is undefined.","service":"identity-service","stack":"TypeError: Cannot destructure property 'fname' of 'req.body' as it is undefined.\n    at updateprofile (file:///C:/Bharath.k/expense-tracking/Backend/src/Controller/userController.js:120:20)\n    at Layer.handleRequest (C:\\Bharath.k\\expense-tracking\\Backend\\node_modules\\router\\lib\\layer.js:152:17)\n    at next (C:\\Bharath.k\\expense-tracking\\Backend\\node_modules\\router\\lib\\route.js:157:13)\n    at Authorization (file:///C:/Bharath.k/expense-tracking/Backend/src/Middleware/generateToken.js:53:9)\n    at Layer.handleRequest (C:\\Bharath.k\\expense-tracking\\Backend\\node_modules\\router\\lib\\layer.js:152:17)\n    at next (C:\\Bharath.k\\expense-tracking\\Backend\\node_modules\\router\\lib\\route.js:157:13)\n    at Route.dispatch (C:\\Bharath.k\\expense-tracking\\Backend\\node_modules\\router\\lib\\route.js:117:3)\n    at handle (C:\\Bharath.k\\expense-tracking\\Backend\\node_modules\\router\\index.js:435:11)\n    at Layer.handleRequest (C:\\Bharath.k\\expense-tracking\\Backend\\node_modules\\router\\lib\\layer.js:152:17)\n    at C:\\Bharath.k\\expense-tracking\\Backend\\node_modules\\router\\index.js:295:15","timestamp":"2025-04-21T08:44:44.858Z"}
{"level":"info","message":"servering is runnig on this 4000","service":"identity-service","timestamp":"2025-04-21T08:44:59.730Z"}
{"level":"info","message":"MongoDB connected successfully","service":"identity-service","timestamp":"2025-04-21T08:44:59.757Z"}
{"level":"info","message":"servering is runnig on this 4000","service":"identity-service","timestamp":"2025-04-21T08:45:14.940Z"}
{"level":"info","message":"MongoDB connected successfully","service":"identity-service","timestamp":"2025-04-21T08:45:14.965Z"}
{"level":"info","message":"User kathirvel somu logged in successfully","service":"identity-service","timestamp":"2025-04-21T08:45:16.610Z"}
{"level":"error","message":"Error in update profile Cannot destructure property 'fname' of 'req.body' as it is undefined.","service":"identity-service","stack":"TypeError: Cannot destructure property 'fname' of 'req.body' as it is undefined.\n    at updateprofile (file:///C:/Bharath.k/expense-tracking/Backend/src/Controller/userController.js:120:20)\n    at Layer.handleRequest (C:\\Bharath.k\\expense-tracking\\Backend\\node_modules\\router\\lib\\layer.js:152:17)\n    at next (C:\\Bharath.k\\expense-tracking\\Backend\\node_modules\\router\\lib\\route.js:157:13)\n    at Authorization (file:///C:/Bharath.k/expense-tracking/Backend/src/Middleware/generateToken.js:53:9)\n    at Layer.handleRequest (C:\\Bharath.k\\expense-tracking\\Backend\\node_modules\\router\\lib\\layer.js:152:17)\n    at next (C:\\Bharath.k\\expense-tracking\\Backend\\node_modules\\router\\lib\\route.js:157:13)\n    at Route.dispatch (C:\\Bharath.k\\expense-tracking\\Backend\\node_modules\\router\\lib\\route.js:117:3)\n    at handle (C:\\Bharath.k\\expense-tracking\\Backend\\node_modules\\router\\index.js:435:11)\n    at Layer.handleRequest (C:\\Bharath.k\\expense-tracking\\Backend\\node_modules\\router\\lib\\layer.js:152:17)\n    at C:\\Bharath.k\\expense-tracking\\Backend\\node_modules\\router\\index.js:295:15","timestamp":"2025-04-21T08:45:19.640Z"}
{"level":"error","message":"Error in update profile Cannot destructure property 'fname' of 'req.body' as it is undefined.","service":"identity-service","stack":"TypeError: Cannot destructure property 'fname' of 'req.body' as it is undefined.\n    at updateprofile (file:///C:/Bharath.k/expense-tracking/Backend/src/Controller/userController.js:120:20)\n    at Layer.handleRequest (C:\\Bharath.k\\expense-tracking\\Backend\\node_modules\\router\\lib\\layer.js:152:17)\n    at next (C:\\Bharath.k\\expense-tracking\\Backend\\node_modules\\router\\lib\\route.js:157:13)\n    at Authorization (file:///C:/Bharath.k/expense-tracking/Backend/src/Middleware/generateToken.js:53:9)\n    at Layer.handleRequest (C:\\Bharath.k\\expense-tracking\\Backend\\node_modules\\router\\lib\\layer.js:152:17)\n    at next (C:\\Bharath.k\\expense-tracking\\Backend\\node_modules\\router\\lib\\route.js:157:13)\n    at Route.dispatch (C:\\Bharath.k\\expense-tracking\\Backend\\node_modules\\router\\lib\\route.js:117:3)\n    at handle (C:\\Bharath.k\\expense-tracking\\Backend\\node_modules\\router\\index.js:435:11)\n    at Layer.handleRequest (C:\\Bharath.k\\expense-tracking\\Backend\\node_modules\\router\\lib\\layer.js:152:17)\n    at C:\\Bharath.k\\expense-tracking\\Backend\\node_modules\\router\\index.js:295:15","timestamp":"2025-04-21T08:45:20.745Z"}
{"level":"info","message":"servering is runnig on this 4000","service":"identity-service","timestamp":"2025-04-21T08:46:02.824Z"}
{"level":"info","message":"MongoDB connected successfully","service":"identity-service","timestamp":"2025-04-21T08:46:02.848Z"}
{"level":"error","message":"Error in update profile Cannot destructure property 'fname' of 'req.body' as it is undefined.","service":"identity-service","stack":"TypeError: Cannot destructure property 'fname' of 'req.body' as it is undefined.\n    at updateprofile (file:///C:/Bharath.k/expense-tracking/Backend/src/Controller/userController.js:120:20)\n    at Layer.handleRequest (C:\\Bharath.k\\expense-tracking\\Backend\\node_modules\\router\\lib\\layer.js:152:17)\n    at next (C:\\Bharath.k\\expense-tracking\\Backend\\node_modules\\router\\lib\\route.js:157:13)\n    at Authorization (file:///C:/Bharath.k/expense-tracking/Backend/src/Middleware/generateToken.js:53:9)\n    at Layer.handleRequest (C:\\Bharath.k\\expense-tracking\\Backend\\node_modules\\router\\lib\\layer.js:152:17)\n    at next (C:\\Bharath.k\\expense-tracking\\Backend\\node_modules\\router\\lib\\route.js:157:13)\n    at Route.dispatch (C:\\Bharath.k\\expense-tracking\\Backend\\node_modules\\router\\lib\\route.js:117:3)\n    at handle (C:\\Bharath.k\\expense-tracking\\Backend\\node_modules\\router\\index.js:435:11)\n    at Layer.handleRequest (C:\\Bharath.k\\expense-tracking\\Backend\\node_modules\\router\\lib\\layer.js:152:17)\n    at C:\\Bharath.k\\expense-tracking\\Backend\\node_modules\\router\\index.js:295:15","timestamp":"2025-04-21T08:46:04.747Z"}
{"level":"info","message":"servering is runnig on this 4000","service":"identity-service","timestamp":"2025-04-21T08:47:06.051Z"}
{"level":"info","message":"MongoDB connected successfully","service":"identity-service","timestamp":"2025-04-21T08:47:06.080Z"}
{"level":"error","message":"Error in update profile Cannot destructure property 'fname' of 'req.body' as it is undefined.","service":"identity-service","stack":"TypeError: Cannot destructure property 'fname' of 'req.body' as it is undefined.\n    at updateprofile (file:///C:/Bharath.k/expense-tracking/Backend/src/Controller/userController.js:120:21)\n    at Layer.handleRequest (C:\\Bharath.k\\expense-tracking\\Backend\\node_modules\\router\\lib\\layer.js:152:17)\n    at next (C:\\Bharath.k\\expense-tracking\\Backend\\node_modules\\router\\lib\\route.js:157:13)\n    at Authorization (file:///C:/Bharath.k/expense-tracking/Backend/src/Middleware/generateToken.js:53:9)\n    at Layer.handleRequest (C:\\Bharath.k\\expense-tracking\\Backend\\node_modules\\router\\lib\\layer.js:152:17)\n    at next (C:\\Bharath.k\\expense-tracking\\Backend\\node_modules\\router\\lib\\route.js:157:13)\n    at Route.dispatch (C:\\Bharath.k\\expense-tracking\\Backend\\node_modules\\router\\lib\\route.js:117:3)\n    at handle (C:\\Bharath.k\\expense-tracking\\Backend\\node_modules\\router\\index.js:435:11)\n    at Layer.handleRequest (C:\\Bharath.k\\expense-tracking\\Backend\\node_modules\\router\\lib\\layer.js:152:17)\n    at C:\\Bharath.k\\expense-tracking\\Backend\\node_modules\\router\\index.js:295:15","timestamp":"2025-04-21T08:47:10.885Z"}
{"level":"error","message":"Error in update profile Cannot destructure property 'fname' of 'req.body' as it is undefined.","service":"identity-service","stack":"TypeError: Cannot destructure property 'fname' of 'req.body' as it is undefined.\n    at updateprofile (file:///C:/Bharath.k/expense-tracking/Backend/src/Controller/userController.js:120:21)\n    at Layer.handleRequest (C:\\Bharath.k\\expense-tracking\\Backend\\node_modules\\router\\lib\\layer.js:152:17)\n    at next (C:\\Bharath.k\\expense-tracking\\Backend\\node_modules\\router\\lib\\route.js:157:13)\n    at Authorization (file:///C:/Bharath.k/expense-tracking/Backend/src/Middleware/generateToken.js:53:9)\n    at Layer.handleRequest (C:\\Bharath.k\\expense-tracking\\Backend\\node_modules\\router\\lib\\layer.js:152:17)\n    at next (C:\\Bharath.k\\expense-tracking\\Backend\\node_modules\\router\\lib\\route.js:157:13)\n    at Route.dispatch (C:\\Bharath.k\\expense-tracking\\Backend\\node_modules\\router\\lib\\route.js:117:3)\n    at handle (C:\\Bharath.k\\expense-tracking\\Backend\\node_modules\\router\\index.js:435:11)\n    at Layer.handleRequest (C:\\Bharath.k\\expense-tracking\\Backend\\node_modules\\router\\lib\\layer.js:152:17)\n    at C:\\Bharath.k\\expense-tracking\\Backend\\node_modules\\router\\index.js:295:15","timestamp":"2025-04-21T08:47:11.967Z"}
{"level":"info","message":"servering is runnig on this 4000","service":"identity-service","timestamp":"2025-04-21T08:48:19.458Z"}
{"level":"info","message":"MongoDB connected successfully","service":"identity-service","timestamp":"2025-04-21T08:48:19.485Z"}
{"level":"warn","message":"Request body is missing","service":"identity-service","timestamp":"2025-04-21T08:48:21.148Z"}
{"level":"warn","message":"Request body is missing","service":"identity-service","timestamp":"2025-04-21T08:48:22.460Z"}
{"level":"info","message":"User kathirvel somu logged in successfully","service":"identity-service","timestamp":"2025-04-21T08:48:36.907Z"}
{"level":"warn","message":"User not found","service":"identity-service","timestamp":"2025-04-21T08:49:10.826Z"}
{"level":"info","message":"User devbharath  kathirvel registered successfully","service":"identity-service","timestamp":"2025-04-21T08:50:21.374Z"}
{"level":"info","message":"servering is runnig on this 4000","service":"identity-service","timestamp":"2025-04-21T08:51:02.313Z"}
{"level":"info","message":"MongoDB connected successfully","service":"identity-service","timestamp":"2025-04-21T08:51:02.340Z"}
{"level":"info","message":"User devbharath  kathirvel registered successfully","service":"identity-service","timestamp":"2025-04-21T08:51:13.414Z"}
{"level":"warn","message":"Password matched","service":"identity-service","timestamp":"2025-04-21T08:52:05.507Z"}
{"level":"warn","message":"Password matched","service":"identity-service","timestamp":"2025-04-21T08:52:17.732Z"}
{"level":"warn","message":"Password matched","service":"identity-service","timestamp":"2025-04-21T08:52:44.567Z"}
{"level":"warn","message":"Password matched","service":"identity-service","timestamp":"2025-04-21T08:52:45.569Z"}
{"level":"warn","message":"Password matched","service":"identity-service","timestamp":"2025-04-21T08:58:51.378Z"}
{"level":"info","message":"servering is runnig on this 4000","service":"identity-service","timestamp":"2025-04-21T08:59:05.942Z"}
{"level":"info","message":"MongoDB connected successfully","service":"identity-service","timestamp":"2025-04-21T08:59:05.974Z"}
{"level":"info","message":"User devbharath  kathirvel logged in successfully","service":"identity-service","timestamp":"2025-04-21T08:59:07.295Z"}
{"level":"warn","message":"Request body is missing","service":"identity-service","timestamp":"2025-04-21T09:00:00.937Z"}
{"level":"info","message":"servering is runnig on this 4000","service":"identity-service","timestamp":"2025-04-21T09:00:15.106Z"}
{"level":"info","message":"MongoDB connected successfully","service":"identity-service","timestamp":"2025-04-21T09:00:15.133Z"}
{"level":"error","message":"Error in update profile Cannot destructure property 'fname' of 'req.body' as it is undefined.","service":"identity-service","stack":"TypeError: Cannot destructure property 'fname' of 'req.body' as it is undefined.\n    at updateprofile (file:///C:/Bharath.k/expense-tracking/Backend/src/Controller/userController.js:122:21)\n    at Layer.handleRequest (C:\\Bharath.k\\expense-tracking\\Backend\\node_modules\\router\\lib\\layer.js:152:17)\n    at next (C:\\Bharath.k\\expense-tracking\\Backend\\node_modules\\router\\lib\\route.js:157:13)\n    at Authorization (file:///C:/Bharath.k/expense-tracking/Backend/src/Middleware/generateToken.js:53:9)\n    at Layer.handleRequest (C:\\Bharath.k\\expense-tracking\\Backend\\node_modules\\router\\lib\\layer.js:152:17)\n    at next (C:\\Bharath.k\\expense-tracking\\Backend\\node_modules\\router\\lib\\route.js:157:13)\n    at Route.dispatch (C:\\Bharath.k\\expense-tracking\\Backend\\node_modules\\router\\lib\\route.js:117:3)\n    at handle (C:\\Bharath.k\\expense-tracking\\Backend\\node_modules\\router\\index.js:435:11)\n    at Layer.handleRequest (C:\\Bharath.k\\expense-tracking\\Backend\\node_modules\\router\\lib\\layer.js:152:17)\n    at C:\\Bharath.k\\expense-tracking\\Backend\\node_modules\\router\\index.js:295:15","timestamp":"2025-04-21T09:00:18.375Z"}
{"level":"info","message":"servering is runnig on this 4000","service":"identity-service","timestamp":"2025-04-21T09:01:35.271Z"}
{"level":"info","message":"MongoDB connected successfully","service":"identity-service","timestamp":"2025-04-21T09:01:35.297Z"}
{"level":"info","message":"Email sent to devbharathkathirvel@gmail.com with otp 927063","service":"identity-service","timestamp":"2025-04-21T09:02:42.808Z"}
{"level":"info","message":"servering is runnig on this 4000","service":"identity-service","timestamp":"2025-04-21T09:03:03.784Z"}
{"level":"info","message":"MongoDB connected successfully","service":"identity-service","timestamp":"2025-04-21T09:03:03.811Z"}
{"level":"info","message":"Email sent to devbharathkathirvel@gmail.com with otp 384057","service":"identity-service","timestamp":"2025-04-21T09:03:05.483Z"}
{"level":"info","message":"servering is runnig on this 4000","service":"identity-service","timestamp":"2025-04-21T09:03:31.023Z"}
{"level":"info","message":"MongoDB connected successfully","service":"identity-service","timestamp":"2025-04-21T09:03:31.051Z"}
{"level":"info","message":"servering is runnig on this 4000","service":"identity-service","timestamp":"2025-04-21T09:03:37.712Z"}
{"level":"info","message":"MongoDB connected successfully","service":"identity-service","timestamp":"2025-04-21T09:03:37.739Z"}
{"level":"info","message":"servering is runnig on this 4000","service":"identity-service","timestamp":"2025-04-21T09:03:48.960Z"}
{"level":"info","message":"MongoDB connected successfully","service":"identity-service","timestamp":"2025-04-21T09:03:48.995Z"}
{"level":"info","message":"Email sent to devbharathkathirvel@gmail.com with otp 607558","service":"identity-service","timestamp":"2025-04-21T09:03:54.339Z"}
{"level":"info","message":"OTP verified for devbharathkathirvel@gmail.com","service":"identity-service","timestamp":"2025-04-21T09:04:31.559Z"}
{"level":"info","message":"Password reset successfully for devbharathkathirvel@gmail.com","service":"identity-service","timestamp":"2025-04-21T09:05:05.278Z"}
{"level":"warn","message":"Password matched","service":"identity-service","timestamp":"2025-04-21T09:05:10.142Z"}
{"level":"info","message":"User devbharath  kathirvel logged in successfully","service":"identity-service","timestamp":"2025-04-21T09:05:15.783Z"}
{"level":"info","message":"User devbharath  kathirvel logged out successfully","service":"identity-service","timestamp":"2025-04-21T09:05:36.628Z"}
{"level":"info","message":"servering is runnig on this 4000","service":"identity-service","timestamp":"2025-04-21T09:05:56.966Z"}
{"level":"info","message":"MongoDB connected successfully","service":"identity-service","timestamp":"2025-04-21T09:05:56.992Z"}
{"level":"info","message":"servering is runnig on this 4000","service":"identity-service","timestamp":"2025-04-21T10:45:37.981Z"}
{"level":"info","message":"MongoDB connected successfully","service":"identity-service","timestamp":"2025-04-21T10:45:38.017Z"}
{"level":"info","message":"servering is runnig on this 4000","service":"identity-service","timestamp":"2025-04-21T10:45:48.233Z"}
{"level":"info","message":"MongoDB connected successfully","service":"identity-service","timestamp":"2025-04-21T10:45:48.260Z"}
{"level":"info","message":"servering is runnig on this 4000","service":"identity-service","timestamp":"2025-04-21T10:48:13.971Z"}
{"level":"info","message":"MongoDB connected successfully","service":"identity-service","timestamp":"2025-04-21T10:48:13.997Z"}
{"level":"info","message":"servering is runnig on this 4000","service":"identity-service","timestamp":"2025-04-21T10:48:17.041Z"}
{"level":"info","message":"MongoDB connected successfully","service":"identity-service","timestamp":"2025-04-21T10:48:17.066Z"}
{"level":"info","message":"servering is runnig on this 4000","service":"identity-service","timestamp":"2025-04-21T10:51:35.432Z"}
{"level":"info","message":"MongoDB connected successfully","service":"identity-service","timestamp":"2025-04-21T10:51:35.457Z"}
{"level":"info","message":"servering is runnig on this 4000","service":"identity-service","timestamp":"2025-04-21T10:51:37.527Z"}
{"level":"info","message":"MongoDB connected successfully","service":"identity-service","timestamp":"2025-04-21T10:51:37.552Z"}
{"level":"info","message":"servering is runnig on this 4000","service":"identity-service","timestamp":"2025-04-21T10:54:39.469Z"}
{"level":"info","message":"MongoDB connected successfully","service":"identity-service","timestamp":"2025-04-21T10:54:39.495Z"}
{"level":"info","message":"servering is runnig on this 4000","service":"identity-service","timestamp":"2025-04-21T10:55:31.636Z"}
{"level":"info","message":"MongoDB connected successfully","service":"identity-service","timestamp":"2025-04-21T10:55:31.661Z"}
{"level":"info","message":"servering is runnig on this 4000","service":"identity-service","timestamp":"2025-04-21T10:56:37.614Z"}
{"level":"info","message":"MongoDB connected successfully","service":"identity-service","timestamp":"2025-04-21T10:56:37.645Z"}
{"level":"info","message":"servering is runnig on this 4000","service":"identity-service","timestamp":"2025-04-21T10:57:08.854Z"}
{"level":"info","message":"MongoDB connected successfully","service":"identity-service","timestamp":"2025-04-21T10:57:08.879Z"}
{"level":"info","message":"servering is runnig on this 4000","service":"identity-service","timestamp":"2025-04-21T10:57:27.277Z"}
{"level":"info","message":"MongoDB connected successfully","service":"identity-service","timestamp":"2025-04-21T10:57:27.307Z"}
{"level":"info","message":"servering is runnig on this 4000","service":"identity-service","timestamp":"2025-04-21T10:59:16.259Z"}
{"level":"info","message":"MongoDB connected successfully","service":"identity-service","timestamp":"2025-04-21T10:59:16.284Z"}
{"level":"info","message":"servering is runnig on this 4000","service":"identity-service","timestamp":"2025-04-21T10:59:58.445Z"}
{"level":"info","message":"MongoDB connected successfully","service":"identity-service","timestamp":"2025-04-21T10:59:58.471Z"}
{"level":"warn","message":"No token provided","service":"identity-service","timestamp":"2025-04-21T11:00:20.180Z"}
{"level":"info","message":"User devbharath  kathirvel logged in successfully","service":"identity-service","timestamp":"2025-04-21T11:00:27.266Z"}
{"level":"warn","message":"All fields are required","service":"identity-service","timestamp":"2025-04-21T11:00:31.081Z"}
{"level":"info","message":"servering is runnig on this 4000","service":"identity-service","timestamp":"2025-04-21T11:00:55.119Z"}
{"level":"info","message":"MongoDB connected successfully","service":"identity-service","timestamp":"2025-04-21T11:00:55.148Z"}
{"level":"error","message":"Internal server error: date is not defined","service":"identity-service","timestamp":"2025-04-21T11:00:57.134Z"}
{"level":"error","message":"Internal server error: date is not defined","service":"identity-service","timestamp":"2025-04-21T11:00:58.510Z"}
{"level":"info","message":"servering is runnig on this 4000","service":"identity-service","timestamp":"2025-04-21T11:28:18.068Z"}
{"level":"info","message":"MongoDB connected successfully","service":"identity-service","timestamp":"2025-04-21T11:28:18.099Z"}
{"level":"warn","message":"all fields must required","service":"identity-service","timestamp":"2025-04-21T11:28:22.481Z"}
{"level":"warn","message":"all fields must required","service":"identity-service","timestamp":"2025-04-21T11:28:23.607Z"}
{"level":"info","message":"servering is runnig on this 4000","service":"identity-service","timestamp":"2025-04-21T11:28:57.771Z"}
{"level":"info","message":"MongoDB connected successfully","service":"identity-service","timestamp":"2025-04-21T11:28:57.795Z"}
{"level":"info","message":"servering is runnig on this 4000","service":"identity-service","timestamp":"2025-04-21T11:28:59.759Z"}
{"level":"info","message":"MongoDB connected successfully","service":"identity-service","timestamp":"2025-04-21T11:28:59.786Z"}
{"level":"warn","message":"all fields must required","service":"identity-service","timestamp":"2025-04-21T11:29:01.239Z"}
{"level":"warn","message":"all fields must required","service":"identity-service","timestamp":"2025-04-21T11:29:02.261Z"}
{"level":"info","message":"servering is runnig on this 4000","service":"identity-service","timestamp":"2025-04-21T11:30:03.304Z"}
{"level":"info","message":"MongoDB connected successfully","service":"identity-service","timestamp":"2025-04-21T11:30:03.329Z"}
{"level":"warn","message":"All fields are required","service":"identity-service","timestamp":"2025-04-21T11:30:07.201Z"}
{"level":"warn","message":"All fields are required","service":"identity-service","timestamp":"2025-04-21T11:30:08.480Z"}
{"level":"warn","message":"All fields are required","service":"identity-service","timestamp":"2025-04-21T11:30:46.208Z"}
{"level":"warn","message":"All fields are required","service":"identity-service","timestamp":"2025-04-21T11:30:47.269Z"}
{"level":"info","message":"User devbharath  kathirvel logged in successfully","service":"identity-service","timestamp":"2025-04-21T11:31:29.040Z"}
{"level":"error","message":"Internal server error: Cannot destructure property 'icon' of 'req.body' as it is undefined.","service":"identity-service","timestamp":"2025-04-21T11:32:20.927Z"}
{"level":"info","message":"servering is runnig on this 4000","service":"identity-service","timestamp":"2025-04-21T11:35:47.886Z"}
{"level":"info","message":"MongoDB connected successfully","service":"identity-service","timestamp":"2025-04-21T11:35:47.914Z"}
{"level":"error","message":"Internal server error: Cannot destructure property 'icon' of 'req.body' as it is undefined.","service":"identity-service","timestamp":"2025-04-21T11:35:50.410Z"}
{"level":"error","message":"Internal server error: Cannot destructure property 'icon' of 'req.body' as it is undefined.","service":"identity-service","timestamp":"2025-04-21T11:35:51.402Z"}
{"level":"error","message":"Internal server error: Cannot destructure property 'icon' of 'req.body' as it is undefined.","service":"identity-service","timestamp":"2025-04-21T11:35:56.843Z"}
{"level":"info","message":"servering is runnig on this 4000","service":"identity-service","timestamp":"2025-04-21T11:37:12.914Z"}
{"level":"info","message":"MongoDB connected successfully","service":"identity-service","timestamp":"2025-04-21T11:37:12.938Z"}
{"level":"error","message":"Internal server error: Cannot destructure property 'source' of 'req.body' as it is undefined.","service":"identity-service","timestamp":"2025-04-21T11:37:15.597Z"}
{"level":"info","message":"servering is runnig on this 4000","service":"identity-service","timestamp":"2025-04-21T11:37:49.313Z"}
{"level":"info","message":"MongoDB connected successfully","service":"identity-service","timestamp":"2025-04-21T11:37:49.353Z"}
{"level":"error","message":"Internal server error: Cannot destructure property 'icon' of 'req.body' as it is undefined.","service":"identity-service","timestamp":"2025-04-21T11:37:50.512Z"}
{"level":"error","message":"Internal server error: Cannot destructure property 'icon' of 'req.body' as it is undefined.","service":"identity-service","timestamp":"2025-04-21T11:37:51.538Z"}
{"level":"info","message":"Successfully created a new income: 68062e4f36a1cb566bd99728","service":"identity-service","timestamp":"2025-04-21T11:38:55.503Z"}
{"level":"info","message":"servering is runnig on this 4000","service":"identity-service","timestamp":"2025-04-21T11:39:47.830Z"}
{"level":"info","message":"MongoDB connected successfully","service":"identity-service","timestamp":"2025-04-21T11:39:47.860Z"}
{"level":"warn","message":"All fields are required","service":"identity-service","timestamp":"2025-04-21T11:40:06.577Z"}
{"level":"warn","message":"All fields are required","service":"identity-service","timestamp":"2025-04-21T11:40:07.817Z"}
{"level":"info","message":"Successfully created a new income: 68062e9e0e64797f497c1268","service":"identity-service","timestamp":"2025-04-21T11:40:14.052Z"}
{"level":"info","message":"servering is runnig on this 4000","service":"identity-service","timestamp":"2025-04-21T11:44:32.710Z"}
{"level":"info","message":"MongoDB connected successfully","service":"identity-service","timestamp":"2025-04-21T11:44:32.734Z"}
{"level":"info","message":"successfully getting it","service":"identity-service","timestamp":"2025-04-21T11:44:35.559Z"}
{"level":"info","message":"servering is runnig on this 4000","service":"identity-service","timestamp":"2025-04-21T11:44:48.511Z"}
{"level":"info","message":"MongoDB connected successfully","service":"identity-service","timestamp":"2025-04-21T11:44:48.537Z"}
{"level":"info","message":"successfully getting it","service":"identity-service","timestamp":"2025-04-21T11:44:50.280Z"}
{"level":"info","message":"servering is runnig on this 4000","service":"identity-service","timestamp":"2025-04-21T11:45:05.639Z"}
{"level":"info","message":"MongoDB connected successfully","service":"identity-service","timestamp":"2025-04-21T11:45:05.664Z"}
{"level":"info","message":"successfully getting it","service":"identity-service","timestamp":"2025-04-21T11:45:07.417Z"}
{"level":"info","message":"successfully getting it","service":"identity-service","timestamp":"2025-04-21T11:45:09.562Z"}
{"level":"info","message":"servering is runnig on this 4000","service":"identity-service","timestamp":"2025-04-21T11:45:27.211Z"}
{"level":"info","message":"MongoDB connected successfully","service":"identity-service","timestamp":"2025-04-21T11:45:27.245Z"}
{"level":"info","message":"successfully getting it","service":"identity-service","timestamp":"2025-04-21T11:45:28.074Z"}
{"level":"info","message":"servering is runnig on this 4000","service":"identity-service","timestamp":"2025-04-21T11:45:33.827Z"}
{"level":"info","message":"MongoDB connected successfully","service":"identity-service","timestamp":"2025-04-21T11:45:33.859Z"}
{"level":"info","message":"successfully getting it","service":"identity-service","timestamp":"2025-04-21T11:45:34.848Z"}
{"level":"info","message":"successfully getting it","service":"identity-service","timestamp":"2025-04-21T11:45:36.002Z"}
{"level":"info","message":"Successfully created a new income: 68062fedb7d924c194e4ab37","service":"identity-service","timestamp":"2025-04-21T11:45:49.311Z"}
{"level":"info","message":"successfully getting it","service":"identity-service","timestamp":"2025-04-21T11:45:53.278Z"}
{"level":"info","message":"servering is runnig on this 4000","service":"identity-service","timestamp":"2025-04-21T11:46:14.519Z"}
{"level":"info","message":"MongoDB connected successfully","service":"identity-service","timestamp":"2025-04-21T11:46:14.544Z"}
{"level":"info","message":"successfully getting it","service":"identity-service","timestamp":"2025-04-21T11:46:18.477Z"}
{"level":"info","message":"servering is runnig on this 4000","service":"identity-service","timestamp":"2025-04-21T11:48:18.505Z"}
{"level":"info","message":"MongoDB connected successfully","service":"identity-service","timestamp":"2025-04-21T11:48:18.533Z"}
{"level":"info","message":"servering is runnig on this 4000","service":"identity-service","timestamp":"2025-04-21T11:48:25.606Z"}
{"level":"info","message":"MongoDB connected successfully","service":"identity-service","timestamp":"2025-04-21T11:48:25.630Z"}
{"level":"info","message":"servering is runnig on this 4000","service":"identity-service","timestamp":"2025-04-21T11:49:30.524Z"}
{"level":"info","message":"MongoDB connected successfully","service":"identity-service","timestamp":"2025-04-21T11:49:30.548Z"}
{"level":"info","message":"servering is runnig on this 4000","service":"identity-service","timestamp":"2025-04-21T11:49:50.821Z"}
{"level":"info","message":"MongoDB connected successfully","service":"identity-service","timestamp":"2025-04-21T11:49:50.846Z"}
{"level":"info","message":"successfully Deleted","service":"identity-service","timestamp":"2025-04-21T11:50:20.983Z"}
{"level":"info","message":"successfully getting it","service":"identity-service","timestamp":"2025-04-21T11:50:26.731Z"}
{"level":"info","message":"servering is runnig on this 4000","service":"identity-service","timestamp":"2025-04-21T12:04:47.079Z"}
{"level":"info","message":"MongoDB connected successfully","service":"identity-service","timestamp":"2025-04-21T12:04:47.104Z"}
{"level":"info","message":"servering is runnig on this 4000","service":"identity-service","timestamp":"2025-04-21T12:06:54.822Z"}
{"level":"info","message":"MongoDB connected successfully","service":"identity-service","timestamp":"2025-04-21T12:06:54.847Z"}
{"level":"info","message":"servering is runnig on this 4000","service":"identity-service","timestamp":"2025-04-21T12:23:36.628Z"}
{"level":"info","message":"MongoDB connected successfully","service":"identity-service","timestamp":"2025-04-21T12:23:36.654Z"}
{"level":"error","message":"Internal server error: Income.map is not a function","service":"identity-service","timestamp":"2025-04-21T12:24:05.095Z"}
{"level":"info","message":"servering is runnig on this 4000","service":"identity-service","timestamp":"2025-04-21T12:26:25.190Z"}
{"level":"info","message":"MongoDB connected successfully","service":"identity-service","timestamp":"2025-04-21T12:26:25.219Z"}
{"level":"info","message":"servering is runnig on this 4000","service":"identity-service","timestamp":"2025-04-21T12:27:34.496Z"}
{"level":"info","message":"MongoDB connected successfully","service":"identity-service","timestamp":"2025-04-21T12:27:34.534Z"}
{"level":"info","message":"servering is runnig on this 4000","service":"identity-service","timestamp":"2025-04-21T12:27:39.886Z"}
{"level":"info","message":"MongoDB connected successfully","service":"identity-service","timestamp":"2025-04-21T12:27:39.916Z"}
{"level":"info","message":"servering is runnig on this 4000","service":"identity-service","timestamp":"2025-04-21T12:29:33.336Z"}
{"level":"info","message":"MongoDB connected successfully","service":"identity-service","timestamp":"2025-04-21T12:29:33.359Z"}
{"level":"info","message":"servering is runnig on this 4000","service":"identity-service","timestamp":"2025-04-21T12:29:38.853Z"}
{"level":"info","message":"MongoDB connected successfully","service":"identity-service","timestamp":"2025-04-21T12:29:38.878Z"}
{"level":"info","message":"servering is runnig on this 4000","service":"identity-service","timestamp":"2025-04-21T12:30:21.796Z"}
{"level":"info","message":"MongoDB connected successfully","service":"identity-service","timestamp":"2025-04-21T12:30:21.821Z"}
{"level":"info","message":"servering is runnig on this 4000","service":"identity-service","timestamp":"2025-04-21T12:30:41.239Z"}
{"level":"info","message":"MongoDB connected successfully","service":"identity-service","timestamp":"2025-04-21T12:30:41.265Z"}
{"level":"info","message":"servering is runnig on this 4000","service":"identity-service","timestamp":"2025-04-21T12:32:36.689Z"}
{"level":"info","message":"MongoDB connected successfully","service":"identity-service","timestamp":"2025-04-21T12:32:36.711Z"}
{"level":"info","message":"servering is runnig on this 4000","service":"identity-service","timestamp":"2025-04-21T12:32:41.917Z"}
{"level":"info","message":"MongoDB connected successfully","service":"identity-service","timestamp":"2025-04-21T12:32:41.944Z"}
{"level":"info","message":"servering is runnig on this 4000","service":"identity-service","timestamp":"2025-04-21T12:33:10.422Z"}
{"level":"info","message":"MongoDB connected successfully","service":"identity-service","timestamp":"2025-04-21T12:33:10.447Z"}
{"level":"info","message":"servering is runnig on this 4000","service":"identity-service","timestamp":"2025-04-21T12:33:14.066Z"}
{"level":"info","message":"MongoDB connected successfully","service":"identity-service","timestamp":"2025-04-21T12:33:14.093Z"}
{"level":"info","message":"servering is runnig on this 4000","service":"identity-service","timestamp":"2025-04-21T12:33:28.292Z"}
{"level":"info","message":"MongoDB connected successfully","service":"identity-service","timestamp":"2025-04-21T12:33:28.318Z"}
{"level":"info","message":"servering is runnig on this 4000","service":"identity-service","timestamp":"2025-04-21T12:40:07.434Z"}
{"level":"info","message":"MongoDB connected successfully","service":"identity-service","timestamp":"2025-04-21T12:40:07.470Z"}
{"level":"info","message":"servering is runnig on this 4000","service":"identity-service","timestamp":"2025-04-21T12:40:18.670Z"}
{"level":"info","message":"MongoDB connected successfully","service":"identity-service","timestamp":"2025-04-21T12:40:18.693Z"}
{"level":"info","message":"servering is runnig on this 4000","service":"identity-service","timestamp":"2025-04-21T12:40:43.111Z"}
{"level":"info","message":"MongoDB connected successfully","service":"identity-service","timestamp":"2025-04-21T12:40:43.135Z"}
{"level":"info","message":"servering is runnig on this 4000","service":"identity-service","timestamp":"2025-04-21T12:42:51.929Z"}
{"level":"info","message":"MongoDB connected successfully","service":"identity-service","timestamp":"2025-04-21T12:42:51.955Z"}
{"level":"info","message":"servering is runnig on this 4000","service":"identity-service","timestamp":"2025-04-21T12:43:08.227Z"}
{"level":"info","message":"MongoDB connected successfully","service":"identity-service","timestamp":"2025-04-21T12:43:08.254Z"}
{"level":"info","message":"servering is runnig on this 4000","service":"identity-service","timestamp":"2025-04-21T12:54:29.297Z"}
{"level":"info","message":"MongoDB connected successfully","service":"identity-service","timestamp":"2025-04-21T12:54:29.324Z"}
{"level":"info","message":"servering is runnig on this 4000","service":"identity-service","timestamp":"2025-04-21T12:55:05.320Z"}
{"level":"info","message":"MongoDB connected successfully","service":"identity-service","timestamp":"2025-04-21T12:55:05.345Z"}
{"level":"info","message":"servering is runnig on this 4000","service":"identity-service","timestamp":"2025-04-21T12:57:20.122Z"}
{"level":"info","message":"MongoDB connected successfully","service":"identity-service","timestamp":"2025-04-21T12:57:20.145Z"}
{"level":"error","message":"internal server error","service":"identity-service","timestamp":"2025-04-21T12:57:53.552Z"}
{"level":"info","message":"servering is runnig on this 4000","service":"identity-service","timestamp":"2025-04-21T12:59:17.513Z"}
{"level":"info","message":"MongoDB connected successfully","service":"identity-service","timestamp":"2025-04-21T12:59:17.538Z"}
{"level":"error","message":"Internal server error: expense validation failed: date: Cast to date failed for value \"Invalid Date\" (type Date) at path \"date\"","service":"identity-service","timestamp":"2025-04-21T12:59:21.681Z"}
{"level":"error","message":"Internal server error: expense validation failed: date: Cast to date failed for value \"Invalid Date\" (type Date) at path \"date\"","service":"identity-service","timestamp":"2025-04-21T12:59:42.747Z"}
{"level":"error","message":"Internal server error: expense validation failed: date: Cast to date failed for value \"Invalid Date\" (type Date) at path \"date\"","service":"identity-service","timestamp":"2025-04-21T12:59:43.797Z"}
{"level":"warn","message":"All fields are required","service":"identity-service","timestamp":"2025-04-21T12:59:48.617Z"}
{"level":"warn","message":"All fields are required","service":"identity-service","timestamp":"2025-04-21T12:59:49.845Z"}
{"level":"error","message":"Internal server error: expense validation failed: date: Cast to date failed for value \"Invalid Date\" (type Date) at path \"date\"","service":"identity-service","timestamp":"2025-04-21T12:59:53.836Z"}
{"level":"error","message":"Internal server error: expense validation failed: date: Cast to date failed for value \"Invalid Date\" (type Date) at path \"date\"","service":"identity-service","timestamp":"2025-04-21T12:59:55.177Z"}
{"level":"info","message":"Successfully created expense","service":"identity-service","timestamp":"2025-04-21T13:00:17.402Z"}
{"level":"info","message":"Successfully created expense","service":"identity-service","timestamp":"2025-04-21T13:00:31.539Z"}
{"level":"info","message":"Successfully fetched all expenses","service":"identity-service","timestamp":"2025-04-21T13:00:39.751Z"}
{"level":"warn","message":"Income not found for deletion","service":"identity-service","timestamp":"2025-04-21T13:00:54.151Z"}
{"level":"info","message":"Successfully deleted expense","service":"identity-service","timestamp":"2025-04-21T13:01:05.897Z"}
{"level":"info","message":"servering is runnig on this 4000","service":"identity-service","timestamp":"2025-04-21T13:01:40.439Z"}
{"level":"info","message":"MongoDB connected successfully","service":"identity-service","timestamp":"2025-04-21T13:01:40.471Z"}
{"level":"info","message":"servering is runnig on this 4000","service":"identity-service","timestamp":"2025-04-21T13:24:54.232Z"}
{"level":"info","message":"MongoDB connected successfully","service":"identity-service","timestamp":"2025-04-21T13:24:54.259Z"}
{"level":"info","message":"servering is runnig on this 4000","service":"identity-service","timestamp":"2025-04-21T13:26:06.427Z"}
{"level":"info","message":"MongoDB connected successfully","service":"identity-service","timestamp":"2025-04-21T13:26:06.458Z"}
{"level":"info","message":"servering is runnig on this 4000","service":"identity-service","timestamp":"2025-04-21T13:39:54.462Z"}
{"level":"info","message":"MongoDB connected successfully","service":"identity-service","timestamp":"2025-04-21T13:39:54.494Z"}
{"level":"info","message":"servering is runnig on this 4000","service":"identity-service","timestamp":"2025-05-14T10:46:09.854Z"}
{"level":"info","message":"MongoDB connected successfully","service":"identity-service","timestamp":"2025-05-14T10:46:09.933Z"}
{"level":"info","message":"Server is running on port 4000","service":"identity-service","timestamp":"2025-05-14T10:46:20.989Z"}
{"level":"info","message":"servering is runnig on this 4000","service":"identity-service","timestamp":"2025-05-17T06:58:27.599Z"}
{"level":"info","message":"MongoDB connected successfully","service":"identity-service","timestamp":"2025-05-17T06:58:27.637Z"}
{"level":"info","message":"Server is running on port 4000","service":"identity-service","timestamp":"2025-05-17T06:58:36.044Z"}
{"level":"info","message":"servering is runnig on this 4000","service":"identity-service","timestamp":"2025-05-17T06:59:06.893Z"}
{"level":"info","message":"MongoDB connected successfully","service":"identity-service","timestamp":"2025-05-17T06:59:06.919Z"}
{"level":"info","message":"Server is running on port 4000","service":"identity-service","timestamp":"2025-05-17T06:59:11.202Z"}
{"level":"info","message":"Server is running on port 4000","service":"identity-service","timestamp":"2025-05-17T06:59:18.901Z"}
{"level":"info","message":"Server is running on port 4000","service":"identity-service","timestamp":"2025-05-17T09:02:36.211Z"}
{"level":"info","message":"Server is running on port 4000","service":"identity-service","timestamp":"2025-05-17T15:41:04.630Z"}
